2026-02-09 16:06:11,959 [INFO] Activator:176 - 


2026-02-09 16:06:11,960 [INFO] Activator:177 - !SESSION log4j initialized
2026-02-09 16:06:12,947 [INFO] LogOutputStream:77 - [STDOUT_REDIRECT] 
2026-02-09 16:06:13,675 [INFO] ApplicationProperties:184 - Using Application install path: /opt/st/stm32cubeide_1.19.0/plugins/com.st.stm32cube.common.mx_6.15.0.202507011659
2026-02-09 16:06:13,682 [INFO] DbMcusXml:78 - Set database path to: /opt/st/stm32cubeide_1.19.0/plugins/com.st.stm32cube.common.mx_6.15.0.202507011659//db//mcu/
2026-02-09 16:06:13,682 [INFO] ApiDb:274 - Set plugin database path to: /opt/st/stm32cubeide_1.19.0/plugins/com.st.stm32cube.common.mx_6.15.0.202507011659//db//plugins/boardmanager/
2026-02-09 16:06:13,682 [WARN] ApiDb:259 - Overriding images path with different value:  => /opt/st/stm32cubeide_1.19.0/plugins/com.st.stm32cube.common.mx_6.15.0.202507011659//db//plugins/mcufinder/images/
2026-02-09 16:06:13,684 [INFO] ApiDb:250 - Set database path to: /home/haugen/.stmcufinder/plugins/mcufinder//mcu/
2026-02-09 16:06:13,684 [INFO] DbMcusAds:125 - Set database path to: /home/haugen/.stmcufinder/plugins/mcufinder//mcu/
2026-02-09 16:06:13,685 [INFO] CrossReferenceDbSqlite:203 - Set database path to: /home/haugen/.stmcufinder/plugins/mcufinder//mcu/cs/
2026-02-09 16:06:13,729 [INFO] RulesReader:64 - Compatibility file has been processed (317 Rules)
2026-02-09 16:06:13,753 [INFO] DbMcusXml:78 - Set database path to: /opt/st/stm32cubeide_1.19.0/plugins/com.st.stm32cube.common.mx_6.15.0.202507011659//db//mcu/
2026-02-09 16:06:13,753 [INFO] ApiDb:274 - Set plugin database path to: /opt/st/stm32cubeide_1.19.0/plugins/com.st.stm32cube.common.mx_6.15.0.202507011659//db//plugins/boardmanager/
2026-02-09 16:06:13,753 [INFO] ApiDb:261 - Set plugin images path to: /opt/st/stm32cubeide_1.19.0/plugins/com.st.stm32cube.common.mx_6.15.0.202507011659//db//plugins/mcufinder/images/
2026-02-09 16:06:13,753 [WARN] DbFile:41 - Overriding database path with different value: /home/haugen/.stmcufinder/plugins/mcufinder/ => /home/haugen/.stmcufinder/plugins/mcufinder
2026-02-09 16:06:13,754 [INFO] ApiDb:250 - Set database path to: /home/haugen/.stmcufinder/plugins/mcufinder//mcu/
2026-02-09 16:06:13,754 [WARN] DbFile:41 - Overriding database path with different value: /home/haugen/.stmcufinder/plugins/mcufinder/ => /home/haugen/.stmcufinder/plugins/mcufinder
2026-02-09 16:06:13,754 [INFO] DbMcusAds:125 - Set database path to: /home/haugen/.stmcufinder/plugins/mcufinder//mcu/
2026-02-09 16:06:13,754 [WARN] DbFile:41 - Overriding database path with different value: /home/haugen/.stmcufinder/plugins/mcufinder/ => /home/haugen/.stmcufinder/plugins/mcufinder
2026-02-09 16:06:13,754 [WARN] DbFile:41 - Overriding database path with different value: /home/haugen/.stmcufinder/plugins/mcufinder/ => /home/haugen/.stmcufinder/plugins/mcufinder
2026-02-09 16:06:13,754 [INFO] CrossReferenceDbSqlite:203 - Set database path to: /home/haugen/.stmcufinder/plugins/mcufinder//mcu/cs/
2026-02-09 16:06:13,777 [INFO] MainPanel:274 - HeapMemory: 268435456
2026-02-09 16:06:13,817 [INFO] DbMcusXml:78 - Set database path to: /opt/st/stm32cubeide_1.19.0/plugins/com.st.stm32cube.common.mx_6.15.0.202507011659//db//mcu/
2026-02-09 16:06:13,817 [INFO] ApiDb:274 - Set plugin database path to: /opt/st/stm32cubeide_1.19.0/plugins/com.st.stm32cube.common.mx_6.15.0.202507011659//db//plugins/boardmanager/
2026-02-09 16:06:13,817 [INFO] ApiDb:261 - Set plugin images path to: /opt/st/stm32cubeide_1.19.0/plugins/com.st.stm32cube.common.mx_6.15.0.202507011659//db//plugins/mcufinder/images/
2026-02-09 16:06:13,817 [WARN] DbFile:41 - Overriding database path with different value: /home/haugen/.stmcufinder/plugins/mcufinder/ => /home/haugen/.stmcufinder/plugins/mcufinder
2026-02-09 16:06:13,817 [INFO] ApiDb:250 - Set database path to: /home/haugen/.stmcufinder/plugins/mcufinder//mcu/
2026-02-09 16:06:13,817 [WARN] DbFile:41 - Overriding database path with different value: /home/haugen/.stmcufinder/plugins/mcufinder/ => /home/haugen/.stmcufinder/plugins/mcufinder
2026-02-09 16:06:13,817 [INFO] DbMcusAds:125 - Set database path to: /home/haugen/.stmcufinder/plugins/mcufinder//mcu/
2026-02-09 16:06:13,817 [WARN] DbFile:41 - Overriding database path with different value: /home/haugen/.stmcufinder/plugins/mcufinder/ => /home/haugen/.stmcufinder/plugins/mcufinder
2026-02-09 16:06:13,817 [WARN] DbFile:41 - Overriding database path with different value: /home/haugen/.stmcufinder/plugins/mcufinder/ => /home/haugen/.stmcufinder/plugins/mcufinder
2026-02-09 16:06:13,817 [INFO] CrossReferenceDbSqlite:203 - Set database path to: /home/haugen/.stmcufinder/plugins/mcufinder//mcu/cs/
2026-02-09 16:06:13,823 [INFO] ApplicationProperties:184 - Using Application install path: /opt/st/stm32cubeide_1.19.0/plugins/com.st.stm32cube.common.mx_6.15.0.202507011659
2026-02-09 16:06:13,824 [INFO] PluginManage:196 - Search for loadable plugins [exclusion list=, ]
2026-02-09 16:06:13,824 [INFO] PluginManage:310 - Check plugin analytics
2026-02-09 16:06:13,881 [INFO] AnalyticsPlugin:253 - Accepted Software Licenses: STM32CubeMX.6.16.1
2026-02-09 16:06:13,881 [INFO] AnalyticsPlugin:255 - Accepted CMSIS Pack Licenses: 
2026-02-09 16:06:13,881 [INFO] AnalyticsPlugin:257 - Accepted Firmware Licenses: FW.F4.1.28.0
2026-02-09 16:06:13,882 [INFO] PluginManage:359 - Loaded plugin analytics (category:tool,tabindex:-1)
2026-02-09 16:06:13,882 [INFO] PluginManage:310 - Check plugin cadmodel
2026-02-09 16:06:13,884 [INFO] CADModel:105 - Init CAD model plugin
2026-02-09 16:06:13,884 [INFO] PluginManage:359 - Loaded plugin cadmodel (category:power,tabindex:5)
2026-02-09 16:06:13,884 [INFO] PluginManage:310 - Check plugin clock
2026-02-09 16:06:13,887 [INFO] PluginManage:359 - Loaded plugin clock (category:base,tabindex:2)
2026-02-09 16:06:13,887 [INFO] PluginManage:310 - Check plugin ddr
2026-02-09 16:06:13,887 [INFO] PluginManage:359 - Loaded plugin ddr (category:tool,tabindex:6)
2026-02-09 16:06:13,887 [INFO] PluginManage:310 - Check plugin filemanager
2026-02-09 16:06:13,942 [INFO] PluginManage:359 - Loaded plugin filemanager (category:base,tabindex:10)
2026-02-09 16:06:13,942 [INFO] PluginManage:310 - Check plugin ipmanager
2026-02-09 16:06:13,944 [INFO] PluginManage:359 - Loaded plugin ipmanager (category:base,tabindex:5)
2026-02-09 16:06:13,944 [INFO] PluginManage:310 - Check plugin lpbam
2026-02-09 16:06:13,953 [INFO] PluginManage:359 - Loaded plugin lpbam (category:base,tabindex:0)
2026-02-09 16:06:13,953 [INFO] PluginManage:310 - Check plugin memorymap
2026-02-09 16:06:13,957 [INFO] PluginManage:359 - Loaded plugin memorymap (category:base,tabindex:4)
2026-02-09 16:06:13,957 [INFO] PluginManage:310 - Check plugin pinoutandconfiguration
2026-02-09 16:06:13,963 [INFO] PluginManage:359 - Loaded plugin pinoutandconfiguration (category:base,tabindex:1)
2026-02-09 16:06:13,963 [INFO] PluginManage:310 - Check plugin pinoutconfig
2026-02-09 16:06:14,009 [WARN] SupportedApi:132 - Cannot load RTOS API schema: s4s-elt-must-match.1: The content of 'definitions' must match (annotation?, (simpleType | complexType)?, (unique | key | keyref)*)). A problem was found starting at: attribute.
2026-02-09 16:06:14,054 [INFO] PluginManage:359 - Loaded plugin pinoutconfig (category:base,tabindex:0)
2026-02-09 16:06:14,054 [INFO] PluginManage:310 - Check plugin power
2026-02-09 16:06:14,057 [INFO] PluginManage:359 - Loaded plugin power (category:power,tabindex:4)
2026-02-09 16:06:14,057 [INFO] PluginManage:310 - Check plugin projectmanager
2026-02-09 16:06:14,063 [INFO] PluginManage:359 - Loaded plugin projectmanager (category:projectmanager,tabindex:4)
2026-02-09 16:06:14,063 [INFO] PluginManage:310 - Check plugin rif
2026-02-09 16:06:14,066 [INFO] PluginManage:359 - Loaded plugin rif (category:base,tabindex:3)
2026-02-09 16:06:14,067 [INFO] PluginManage:310 - Check plugin thirdparty
2026-02-09 16:06:14,109 [INFO] PluginManage:359 - Loaded plugin thirdparty (category:base,tabindex:-1)
2026-02-09 16:06:14,109 [WARN] IntegrityCheckThread:84 - waiting for thirdparty lock release [integrity check]
2026-02-09 16:06:14,109 [INFO] PluginManage:310 - Check plugin tools
2026-02-09 16:06:14,109 [INFO] IntegrityCheckThread:86 - entering critical section [integrity check]
2026-02-09 16:06:14,109 [INFO] ThirdPartyUpdaterWithRetryManager:70 - Updater plugin not ready yet. [1/15]
2026-02-09 16:06:14,110 [INFO] PluginManage:359 - Loaded plugin tools (category:base,tabindex:7)
2026-02-09 16:06:14,110 [INFO] PluginManage:310 - Check plugin tutovideos
2026-02-09 16:06:14,180 [INFO] PluginManage:359 - Loaded plugin tutovideos (category:base,tabindex:-1)
2026-02-09 16:06:14,180 [INFO] PluginManage:310 - Check plugin updater
2026-02-09 16:06:14,190 [INFO] PluginManage:359 - Loaded plugin updater (category:base,tabindex:12)
2026-02-09 16:06:14,190 [INFO] PluginManage:310 - Check plugin userauth
2026-02-09 16:06:14,191 [INFO] UserAuth:118 - Init User Auth plugin
2026-02-09 16:06:14,191 [INFO] PluginManage:359 - Loaded plugin userauth (category:base,tabindex:14)
2026-02-09 16:06:14,191 [INFO] PluginManage:283 - PluginManage : Loaded plugins [18]
2026-02-09 16:06:14,252 [INFO] PinOutPanel:1589 - setPackage(No Configuration,No Configuration)
2026-02-09 16:06:14,275 [INFO] CADModel:165 - CPN selected for project level
2026-02-09 16:06:14,275 [INFO] CADModel:114 - Register for checkConnection events
2026-02-09 16:06:14,280 [INFO] IPUIPlugin:80 - create IPUIPlugin
2026-02-09 16:06:14,280 [INFO] PluginManager:220 - loadIPPluginJar : add adc
2026-02-09 16:06:14,281 [INFO] IPUIPlugin:80 - create IPUIPlugin
2026-02-09 16:06:14,281 [INFO] PluginManager:220 - loadIPPluginJar : add aes
2026-02-09 16:06:14,282 [INFO] IPUIPlugin:80 - create IPUIPlugin
2026-02-09 16:06:14,282 [INFO] PluginManager:220 - loadIPPluginJar : add can
2026-02-09 16:06:14,283 [INFO] IPUIPlugin:80 - create IPUIPlugin
2026-02-09 16:06:14,283 [INFO] PluginManager:220 - loadIPPluginJar : add comp
2026-02-09 16:06:14,283 [INFO] IPUIPlugin:80 - create IPUIPlugin
2026-02-09 16:06:14,283 [INFO] PluginManager:220 - loadIPPluginJar : add cryp
2026-02-09 16:06:14,284 [INFO] IPUIPlugin:80 - create IPUIPlugin
2026-02-09 16:06:14,284 [INFO] PluginManager:220 - loadIPPluginJar : add ddr_ctrl_phy
2026-02-09 16:06:14,285 [INFO] IPUIPlugin:80 - create IPUIPlugin
2026-02-09 16:06:14,285 [INFO] PluginManager:220 - loadIPPluginJar : add dfsdm
2026-02-09 16:06:14,286 [INFO] IPUIPlugin:80 - create IPUIPlugin
2026-02-09 16:06:14,287 [INFO] PluginManager:220 - loadIPPluginJar : add dma
2026-02-09 16:06:14,287 [INFO] IPUIPlugin:80 - create IPUIPlugin
2026-02-09 16:06:14,287 [INFO] PluginManager:220 - loadIPPluginJar : add dma3
2026-02-09 16:06:14,288 [INFO] IPUIPlugin:80 - create IPUIPlugin
2026-02-09 16:06:14,288 [INFO] PluginManager:220 - loadIPPluginJar : add extmemmanager
2026-02-09 16:06:14,288 [INFO] IPUIPlugin:80 - create IPUIPlugin
2026-02-09 16:06:14,288 [INFO] PluginManager:220 - loadIPPluginJar : add fatfs
2026-02-09 16:06:14,290 [INFO] IPUIPlugin:80 - create IPUIPlugin
2026-02-09 16:06:14,290 [INFO] PluginManager:220 - loadIPPluginJar : add fmc
2026-02-09 16:06:14,291 [INFO] IPUIPlugin:80 - create IPUIPlugin
2026-02-09 16:06:14,291 [INFO] PluginManager:220 - loadIPPluginJar : add freertos
2026-02-09 16:06:14,292 [INFO] IPUIPlugin:80 - create IPUIPlugin
2026-02-09 16:06:14,292 [INFO] PluginManager:220 - loadIPPluginJar : add genericplugin
2026-02-09 16:06:14,292 [INFO] IPUIPlugin:80 - create IPUIPlugin
2026-02-09 16:06:14,292 [INFO] PluginManager:220 - loadIPPluginJar : add gfxmmu
2026-02-09 16:06:14,294 [INFO] IPUIPlugin:80 - create IPUIPlugin
2026-02-09 16:06:14,294 [INFO] PluginManager:220 - loadIPPluginJar : add gic
2026-02-09 16:06:14,295 [INFO] IPUIPlugin:80 - create IPUIPlugin
2026-02-09 16:06:14,295 [INFO] PluginManager:220 - loadIPPluginJar : add gpio
2026-02-09 16:06:14,296 [INFO] IPUIPlugin:80 - create IPUIPlugin
2026-02-09 16:06:14,296 [INFO] PluginManager:220 - loadIPPluginJar : add gtzc
2026-02-09 16:06:14,296 [INFO] IPUIPlugin:80 - create IPUIPlugin
2026-02-09 16:06:14,296 [INFO] PluginManager:220 - loadIPPluginJar : add hash
2026-02-09 16:06:14,297 [INFO] IPUIPlugin:80 - create IPUIPlugin
2026-02-09 16:06:14,297 [INFO] PluginManager:220 - loadIPPluginJar : add i2c
2026-02-09 16:06:14,298 [INFO] IPUIPlugin:80 - create IPUIPlugin
2026-02-09 16:06:14,298 [INFO] PluginManager:220 - loadIPPluginJar : add i2s
2026-02-09 16:06:14,298 [INFO] IPUIPlugin:80 - create IPUIPlugin
2026-02-09 16:06:14,298 [INFO] PluginManager:220 - loadIPPluginJar : add i3c
2026-02-09 16:06:14,300 [INFO] IPUIPlugin:80 - create IPUIPlugin
2026-02-09 16:06:14,300 [INFO] PluginManager:220 - loadIPPluginJar : add ipddr
2026-02-09 16:06:14,302 [INFO] IPUIPlugin:80 - create IPUIPlugin
2026-02-09 16:06:14,302 [INFO] PluginManager:220 - loadIPPluginJar : add linkedlist
2026-02-09 16:06:14,303 [INFO] IPUIPlugin:80 - create IPUIPlugin
2026-02-09 16:06:14,303 [INFO] PluginManager:220 - loadIPPluginJar : add lorawan
2026-02-09 16:06:14,303 [INFO] IPUIPlugin:80 - create IPUIPlugin
2026-02-09 16:06:14,303 [INFO] PluginManager:220 - loadIPPluginJar : add ltdc
2026-02-09 16:06:14,305 [INFO] IPUIPlugin:80 - create IPUIPlugin
2026-02-09 16:06:14,305 [INFO] PluginManager:220 - loadIPPluginJar : add mdma
2026-02-09 16:06:14,306 [INFO] IPUIPlugin:80 - create IPUIPlugin
2026-02-09 16:06:14,306 [INFO] PluginManager:220 - loadIPPluginJar : add nvic
2026-02-09 16:06:14,307 [INFO] IPUIPlugin:80 - create IPUIPlugin
2026-02-09 16:06:14,307 [INFO] PluginManager:220 - loadIPPluginJar : add opamp
2026-02-09 16:06:14,307 [INFO] IPUIPlugin:80 - create IPUIPlugin
2026-02-09 16:06:14,307 [INFO] PluginManager:220 - loadIPPluginJar : add openamp
2026-02-09 16:06:14,308 [INFO] IPUIPlugin:80 - create IPUIPlugin
2026-02-09 16:06:14,308 [INFO] PluginManager:220 - loadIPPluginJar : add pdm2pcm
2026-02-09 16:06:14,310 [INFO] IPUIPlugin:80 - create IPUIPlugin
2026-02-09 16:06:14,311 [INFO] PluginManager:220 - loadIPPluginJar : add plateformsettings
2026-02-09 16:06:14,311 [INFO] IPUIPlugin:80 - create IPUIPlugin
2026-02-09 16:06:14,311 [INFO] PluginManager:220 - loadIPPluginJar : add quadspi
2026-02-09 16:06:14,312 [INFO] IPUIPlugin:80 - create IPUIPlugin
2026-02-09 16:06:14,312 [INFO] PluginManager:220 - loadIPPluginJar : add radio
2026-02-09 16:06:14,313 [INFO] IPUIPlugin:80 - create IPUIPlugin
2026-02-09 16:06:14,313 [INFO] PluginManager:220 - loadIPPluginJar : add resmgrutility
2026-02-09 16:06:14,314 [INFO] IPUIPlugin:80 - create IPUIPlugin
2026-02-09 16:06:14,314 [INFO] PluginManager:220 - loadIPPluginJar : add sai
2026-02-09 16:06:14,314 [INFO] IPUIPlugin:80 - create IPUIPlugin
2026-02-09 16:06:14,314 [INFO] PluginManager:220 - loadIPPluginJar : add spi
2026-02-09 16:06:14,316 [INFO] IPUIPlugin:80 - create IPUIPlugin
2026-02-09 16:06:14,316 [INFO] PluginManager:220 - loadIPPluginJar : add stm32_wpan
2026-02-09 16:06:14,317 [INFO] IPUIPlugin:80 - create IPUIPlugin
2026-02-09 16:06:14,317 [INFO] PluginManager:220 - loadIPPluginJar : add tim
2026-02-09 16:06:14,318 [INFO] IPUIPlugin:80 - create IPUIPlugin
2026-02-09 16:06:14,318 [INFO] PluginManager:220 - loadIPPluginJar : add touchsensing
2026-02-09 16:06:14,318 [INFO] IPUIPlugin:80 - create IPUIPlugin
2026-02-09 16:06:14,318 [INFO] PluginManager:220 - loadIPPluginJar : add tracer_emb
2026-02-09 16:06:14,319 [INFO] IPUIPlugin:80 - create IPUIPlugin
2026-02-09 16:06:14,319 [INFO] PluginManager:220 - loadIPPluginJar : add ts
2026-02-09 16:06:14,319 [INFO] IPUIPlugin:80 - create IPUIPlugin
2026-02-09 16:06:14,319 [INFO] PluginManager:220 - loadIPPluginJar : add tsc
2026-02-09 16:06:14,320 [INFO] IPUIPlugin:80 - create IPUIPlugin
2026-02-09 16:06:14,320 [INFO] PluginManager:220 - loadIPPluginJar : add ucpd
2026-02-09 16:06:14,320 [INFO] IPUIPlugin:80 - create IPUIPlugin
2026-02-09 16:06:14,320 [INFO] PluginManager:220 - loadIPPluginJar : add usart
2026-02-09 16:06:14,321 [INFO] IPUIPlugin:80 - create IPUIPlugin
2026-02-09 16:06:14,321 [INFO] PluginManager:220 - loadIPPluginJar : add usbx
2026-02-09 16:06:14,401 [FATAL] Updater:351 - Updater called before beeing initialized
2026-02-09 16:06:14,411 [INFO] RulesReader:64 - Compatibility file has been processed (317 Rules)
2026-02-09 16:06:14,416 [INFO] RulesReader:64 - Compatibility file has been processed (317 Rules)
2026-02-09 16:06:14,419 [INFO] CADModel:165 - CPN selected for project level
2026-02-09 16:06:14,419 [INFO] CADModel:114 - Register for checkConnection events
2026-02-09 16:06:14,419 [FATAL] Updater:351 - Updater called before beeing initialized
2026-02-09 16:06:14,419 [ERROR] CADModel:125 - Updater not yet initialized, retry later 
2026-02-09 16:06:14,464 [FATAL] Updater:351 - Updater called before beeing initialized
2026-02-09 16:06:14,465 [INFO] CADModel:165 - CPN selected for project level
2026-02-09 16:06:14,465 [INFO] CADModel:114 - Register for checkConnection events
2026-02-09 16:06:14,465 [FATAL] Updater:351 - Updater called before beeing initialized
2026-02-09 16:06:14,465 [ERROR] CADModel:125 - Updater not yet initialized, retry later 
2026-02-09 16:06:14,466 [FATAL] Updater:351 - Updater called before beeing initialized
2026-02-09 16:06:14,514 [FATAL] Updater:351 - Updater called before beeing initialized
2026-02-09 16:06:14,516 [INFO] DbMcusAds:53 - JSON generation date=Thu Jan 08 16:57:51 CET 2026 (1767887871456)
2026-02-09 16:06:14,516 [FATAL] Updater:351 - Updater called before beeing initialized
2026-02-09 16:06:14,530 [WARN] DetailPanel:346 - Failed to get advertising image, set to default
2026-02-09 16:06:14,567 [FATAL] Updater:351 - Updater called before beeing initialized
2026-02-09 16:06:14,567 [FATAL] Updater:351 - Updater called before beeing initialized
2026-02-09 16:06:14,567 [FATAL] Updater:351 - Updater called before beeing initialized
2026-02-09 16:06:14,567 [WARN] DetailPanel:346 - Failed to get advertising image, set to default
2026-02-09 16:06:14,567 [FATAL] Updater:351 - Updater called before beeing initialized
2026-02-09 16:06:14,578 [ERROR] Updater:1198 - MainUpdater not yet initialized. External WinMGr cannot be set.
2026-02-09 16:06:14,578 [INFO] Updater:1134 - Updater Version found : 6.15.0
2026-02-09 16:06:14,585 [INFO] ApplicationProperties:184 - Using Application install path: /opt/st/stm32cubeide_1.19.0/plugins/com.st.stm32cube.common.mx_6.15.0.202507011659
2026-02-09 16:06:14,683 [INFO] MainUpdater:2872 - connection check result : 10
2026-02-09 16:06:14,684 [INFO] MainUpdater:289 - Updater Check For Update Now.
2026-02-09 16:06:14,684 [INFO] MicroXplorer:498 - Change Database Version : DB.6.0.150
2026-02-09 16:06:14,686 [INFO] McuFinderGlobals:63 - Set McuFinder mode to 2 (CubeIDE integrated)
2026-02-09 16:06:14,686 [INFO] UserAuth:171 - activating auth plugin
2026-02-09 16:06:14,687 [INFO] UserAuth:487 - Internet connection configuration mode: 1
2026-02-09 16:06:14,694 [INFO] JxBrowserEngine:152 - Initiate JxBrowser Engine with user profile folder
2026-02-09 16:06:14,826 [INFO] CheckServerUpdateThread:120 - End of CheckServer Thread
2026-02-09 16:06:14,963 [INFO] WebApp:169 - Instantiating new browser for Auth
2026-02-09 16:06:15,251 [INFO] WebApp:463 - Apply proxy settings
2026-02-09 16:06:15,251 [INFO] WebApp:548 - Chromium requires no authentication
2026-02-09 16:06:15,254 [INFO] WebApp:491 - Direct internet connection detected
2026-02-09 16:06:15,260 [INFO] WebApp:900 - Register for checkConnection events
2026-02-09 16:06:15,260 [INFO] WebApp:463 - Apply proxy settings
2026-02-09 16:06:15,260 [INFO] WebApp:548 - Chromium requires no authentication
2026-02-09 16:06:15,261 [INFO] WebApp:491 - Direct internet connection detected
2026-02-09 16:06:15,311 [INFO] WebApp:225 - Starting web application
2026-02-09 16:06:15,311 [INFO] WebApp:593 - Web application path used /opt/st/stm32cubeide_1.19.0/plugins/com.st.stm32cube.common.mx_6.15.0.202507011659/db/plugins/mcufinder/reactClient1/index.html
2026-02-09 16:06:15,522 [INFO] WebApp:191 - Connection restablished
2026-02-09 16:06:17,174 [WARN] PackLoader:240 - Cannot read IP mode file for STMicroelectronics.FP-SNS-MOTENVWB1.1.4.0
2026-02-09 16:06:17,177 [WARN] PackLoader:240 - Cannot read IP mode file for STMicroelectronics.FP-ATR-ASTRA1.2.0.2
2026-02-09 16:06:17,179 [WARN] PackLoader:240 - Cannot read IP mode file for STMicroelectronics.X-CUBE-SMBUS.2.1.0
2026-02-09 16:06:17,190 [WARN] PackLoader:240 - Cannot read IP mode file for STMicroelectronics.X-CUBE-AZRTOS-F7.1.1.0
2026-02-09 16:06:17,193 [WARN] PackLoader:240 - Cannot read IP mode file for STMicroelectronics.FP-SNS-MOTENV1.5.1.0
2026-02-09 16:06:17,197 [WARN] PackLoader:240 - Cannot read IP mode file for WES.I-CUBE-Cesium.1.4.0
2026-02-09 16:06:17,209 [WARN] PackLoader:240 - Cannot read IP mode file for STMicroelectronics.X-CUBE-AZRTOS-H7.3.4.0
2026-02-09 16:06:17,213 [WARN] PackLoader:240 - Cannot read IP mode file for STMicroelectronics.X-CUBE-DISPLAY.3.0.0
2026-02-09 16:06:17,217 [WARN] PackLoader:240 - Cannot read IP mode file for STMicroelectronics.X-CUBE-NFC10.1.0.0
2026-02-09 16:06:17,219 [WARN] PackLoader:240 - Cannot read IP mode file for STMicroelectronics.X-CUBE-ST60.1.1.0
2026-02-09 16:06:17,221 [WARN] PackLoader:240 - Cannot read IP mode file for emotas.I-CUBE-CANOPEN.1.3.0
2026-02-09 16:06:17,222 [WARN] PackLoader:240 - Cannot read IP mode file for STMicroelectronics.X-CUBE-GNSS1.7.1.0
2026-02-09 16:06:17,225 [WARN] PackLoader:240 - Cannot read IP mode file for STMicroelectronics.FP-SNS-STBOX1.2.1.0
2026-02-09 16:06:17,227 [WARN] PackLoader:240 - Cannot read IP mode file for STMicroelectronics.FP-SNS-SMARTAG2.1.2.0
2026-02-09 16:06:17,228 [WARN] PackLoader:240 - Cannot read IP mode file for STMicroelectronics.FP-SNS-FLIGHT1.5.1.0
2026-02-09 16:06:17,230 [INFO] LogOutputStream:77 - [STDOUT_REDIRECT] 1 : Invalid condition id : UX_CORESTACK_Condition cause : null
2026-02-09 16:06:17,231 [INFO] LogOutputStream:77 - [STDOUT_REDIRECT] 1 : Invalid condition id : UX_CORESTACK_Condition cause : null
2026-02-09 16:06:17,231 [INFO] LogOutputStream:77 - [STDOUT_REDIRECT] 1 : Invalid condition id : UX_CORESTACK_Condition cause : null
2026-02-09 16:06:17,231 [INFO] LogOutputStream:77 - [STDOUT_REDIRECT] 1 : Invalid condition id : UX_CORESTACK_Condition cause : null
2026-02-09 16:06:17,231 [INFO] LogOutputStream:77 - [STDOUT_REDIRECT] 1 : Invalid condition id : UX_CORESTACK_Condition cause : null
2026-02-09 16:06:17,237 [WARN] PackLoader:240 - Cannot read IP mode file for STMicroelectronics.X-CUBE-AZRTOS-WL.2.0.0
2026-02-09 16:06:17,243 [WARN] PackLoader:240 - Cannot read IP mode file for STMicroelectronics.X-CUBE-AZRTOS-H7RS.1.2.0
2026-02-09 16:06:17,245 [WARN] PackLoader:240 - Cannot read IP mode file for STMicroelectronics.X-CUBE-BLE2.3.3.0
2026-02-09 16:06:17,257 [WARN] PackLoader:240 - Cannot read IP mode file for Infineon.AIROC-Wi-Fi-Bluetooth-STM32.1.8.0
2026-02-09 16:06:17,261 [WARN] PackLoader:240 - Cannot read IP mode file for STMicroelectronics.X-CUBE-NFC9.1.0.0
2026-02-09 16:06:17,263 [WARN] PackLoader:240 - Cannot read IP mode file for STMicroelectronics.X-CUBE-BLE1.7.1.0
2026-02-09 16:06:17,263 [WARN] PackLoader:240 - Cannot read IP mode file for wolfSSL.I-CUBE-wolfMQTT.1.19.2
2026-02-09 16:06:17,265 [WARN] PackLoader:240 - Cannot read IP mode file for STMicroelectronics.X-CUBE-FREERTOS.1.4.0
2026-02-09 16:06:17,267 [WARN] PackLoader:240 - Cannot read IP mode file for STMicroelectronics.X-CUBE-EEPRMA1.5.2.0
2026-02-09 16:06:17,268 [WARN] PackLoader:240 - Cannot read IP mode file for wolfSSL.I-CUBE-wolfSSL.5.8.4
2026-02-09 16:06:17,269 [WARN] PackLoader:240 - Cannot read IP mode file for Cesanta.I-CUBE-Mongoose.7.20.0
2026-02-09 16:06:17,282 [WARN] PackLoader:240 - Cannot read IP mode file for STMicroelectronics.X-CUBE-MEMS1.12.0.0
2026-02-09 16:06:17,326 [WARN] PackLoader:240 - Cannot read IP mode file for STMicroelectronics.X-CUBE-AZRTOS-G0.1.1.0
2026-02-09 16:06:17,330 [WARN] PackLoader:240 - Cannot read IP mode file for STMicroelectronics.X-CUBE-NFC4.3.0.0
2026-02-09 16:06:17,334 [WARN] PackLoader:240 - Cannot read IP mode file for EmbeddedOffice.I-CUBE-FS-RTOS.1.0.1
2026-02-09 16:06:17,336 [WARN] PackLoader:240 - Cannot read IP mode file for STMicroelectronics.X-CUBE-WB05N.2.0.0
2026-02-09 16:06:17,338 [WARN] PackLoader:240 - Cannot read IP mode file for wolfSSL.I-CUBE-wolfTPM.3.8.0
2026-02-09 16:06:17,340 [WARN] PackLoader:240 - Cannot read IP mode file for STMicroelectronics.X-CUBE-TCPP.4.2.0
2026-02-09 16:06:17,342 [WARN] PackLoader:240 - Cannot read IP mode file for RealThread.X-CUBE-RT-Thread_Nano.4.1.1
2026-02-09 16:06:17,353 [WARN] PackLoader:240 - Cannot read IP mode file for STMicroelectronics.FP-ATR-SIGFOX1.3.2.0
2026-02-09 16:06:17,356 [WARN] PackLoader:240 - Cannot read IP mode file for ITTIA_DB.I-CUBE-ITTIADB.8.9.0
2026-02-09 16:06:17,359 [WARN] PackLoader:240 - Cannot read IP mode file for STMicroelectronics.X-CUBE-NFC6.3.2.0
2026-02-09 16:06:17,361 [WARN] PackLoader:240 - Cannot read IP mode file for STMicroelectronics.X-CUBE-AI.10.2.0
2026-02-09 16:06:17,369 [WARN] PackLoader:240 - Cannot read IP mode file for SEGGER.I-CUBE-embOS.1.3.1
2026-02-09 16:06:17,380 [WARN] PackLoader:240 - Cannot read IP mode file for STMicroelectronics.X-CUBE-ALGOBUILD.1.4.0
2026-02-09 16:06:17,381 [WARN] PackLoader:240 - Cannot read IP mode file for STMicroelectronics.X-CUBE-PM33A1.1.0.0
2026-02-09 16:06:17,386 [WARN] PackLoader:240 - Cannot read IP mode file for STMicroelectronics.X-CUBE-AZRTOS-F4.1.1.0
2026-02-09 16:06:17,387 [WARN] PackLoader:240 - Cannot read IP mode file for STMicroelectronics.X-CUBE-ISPU.2.1.0
2026-02-09 16:06:17,391 [WARN] PackLoader:240 - Cannot read IP mode file for STMicroelectronics.X-CUBE-IPS.3.2.0
2026-02-09 16:06:17,397 [WARN] PackLoader:240 - Cannot read IP mode file for STMicroelectronics.X-CUBE-NFC12.1.0.0
2026-02-09 16:06:17,405 [WARN] PackLoader:240 - Cannot read IP mode file for STMicroelectronics.X-CUBE-AZRTOS-L5.2.0.0
2026-02-09 16:06:17,408 [WARN] PackLoader:240 - Cannot read IP mode file for STMicroelectronics.X-CUBE-TOUCHGFX.4.26.0
2026-02-09 16:06:17,409 [WARN] PackLoader:240 - Cannot read IP mode file for STMicroelectronics.FP-SNS-STAIOTCFT.1.0.0
2026-02-09 16:06:17,411 [WARN] PackLoader:240 - Cannot read IP mode file for STMicroelectronics.X-CUBE-DPower.1.3.0
2026-02-09 16:06:17,419 [WARN] ConditionMgr:438 - getConditionDescription Invalid condition id : LAN8742 Phy interface Condition cause : null
2026-02-09 16:06:17,419 [WARN] PackLoader:240 - Cannot read IP mode file for STMicroelectronics.X-CUBE-AZRTOS-L4.2.0.0
2026-02-09 16:06:17,420 [WARN] ConditionMgr:1044 - genDependencies : Invalid condition id : LAN8742 Phy interface Condition cause : null
2026-02-09 16:06:17,420 [WARN] ConditionMgr:1044 - genDependencies : Invalid condition id : LAN8742 Phy interface Condition cause : null
2026-02-09 16:06:17,420 [WARN] ConditionMgr:1044 - genDependencies : Invalid condition id : LAN8742 Phy interface Condition cause : null
2026-02-09 16:06:17,423 [WARN] PackLoader:240 - Cannot read IP mode file for STMicroelectronics.X-CUBE-SFXS2LP1.4.0.0
2026-02-09 16:06:17,426 [WARN] PackLoader:240 - Cannot read IP mode file for STMicroelectronics.X-CUBE-ST67W61.1.2.0
2026-02-09 16:06:17,431 [WARN] PackLoader:240 - Cannot read IP mode file for STMicroelectronics.X-CUBE-BLEMGR.4.1.0
2026-02-09 16:06:17,438 [WARN] ConditionMgr:438 - getConditionDescription Invalid condition id : UX DEVICE CLASS RTOS Condition cause : null
2026-02-09 16:06:17,438 [WARN] ConditionMgr:438 - getConditionDescription Invalid condition id : UX DEVICE CLASS RTOS Condition cause : null
2026-02-09 16:06:17,439 [WARN] PackLoader:240 - Cannot read IP mode file for STMicroelectronics.X-CUBE-AZRTOS-WB.2.0.0
2026-02-09 16:06:17,439 [WARN] ConditionMgr:1044 - genDependencies : Invalid condition id : UX DEVICE CLASS RTOS Condition cause : null
2026-02-09 16:06:17,439 [WARN] ConditionMgr:1044 - genDependencies : Invalid condition id : UX DEVICE CLASS RTOS Condition cause : null
2026-02-09 16:06:17,439 [WARN] ConditionMgr:1044 - genDependencies : Invalid condition id : UX DEVICE CLASS RTOS Condition cause : null
2026-02-09 16:06:17,439 [WARN] ConditionMgr:1044 - genDependencies : Invalid condition id : UX DEVICE CLASS RTOS Condition cause : null
2026-02-09 16:06:17,440 [WARN] ConditionMgr:1044 - genDependencies : Invalid condition id : UX DEVICE CLASS RTOS Condition cause : null
2026-02-09 16:06:17,441 [WARN] ConditionMgr:438 - getConditionDescription Invalid condition id : Cortex-A Device cause : null
2026-02-09 16:06:17,444 [WARN] ConditionMgr:1044 - genDependencies : Invalid condition id : Cortex-A Device cause : null
2026-02-09 16:06:17,444 [WARN] ConditionMgr:1044 - genDependencies : Invalid condition id : Cortex-A Device cause : null
2026-02-09 16:06:17,444 [WARN] ConditionMgr:1044 - genDependencies : Invalid condition id : Cortex-A Device cause : null
2026-02-09 16:06:17,447 [WARN] PackLoader:240 - Cannot read IP mode file for STMicroelectronics.X-CUBE-STSE01.2.0.0
2026-02-09 16:06:17,451 [WARN] PackLoader:240 - Cannot read IP mode file for STMicroelectronics.X-CUBE-SUBG2.5.0.0
2026-02-09 16:06:17,460 [WARN] PackLoader:240 - Cannot read IP mode file for STMicroelectronics.X-CUBE-AZRTOS-G4.2.0.0
2026-02-09 16:06:17,462 [WARN] PackLoader:240 - Cannot read IP mode file for wolfSSL.I-CUBE-wolfSSH.1.4.20
2026-02-09 16:06:17,463 [WARN] PackLoader:240 - Cannot read IP mode file for STMicroelectronics.X-CUBE-NFC7.2.0.0
2026-02-09 16:06:17,465 [WARN] PackLoader:240 - Cannot read IP mode file for STMicroelectronics.X-CUBE-ALS.1.0.2
2026-02-09 16:06:17,469 [WARN] PackLoader:240 - Cannot read IP mode file for STMicroelectronics.X-CUBE-TOF1.3.4.3
2026-02-09 16:06:17,476 [INFO] ThirdParty:978 - Integrity check success = true
2026-02-09 16:06:17,476 [INFO] IntegrityCheckThread:100 - exiting critical section [integrity check]
2026-02-09 16:06:17,476 [INFO] IntegrityCheckThread:103 - End integrity checks thread
2026-02-09 16:06:34,469 [ERROR] LogOutputStream:75 - [STDERR_REDIRECT] 
